<?xml version="1.0" encoding="UTF-8"?>
<testng-results ignored="0" total="1" passed="1" failed="0" skipped="0">
  <reporter-output>
  </reporter-output>
  <suite started-at="2022-12-29T13:00:36 IST" name="Default suite" finished-at="2022-12-29T13:00:36 IST" duration-ms="47">
    <groups>
    </groups>
    <test started-at="2022-12-29T13:00:36 IST" name="Default test" finished-at="2022-12-29T13:00:36 IST" duration-ms="47">
      <class name="demo.Sample">
        <test-method signature="simpleTest()[pri:0, instance:demo.Sample@419c5f1a]" started-at="2022-12-29T13:00:36 IST" name="simpleTest" finished-at="2022-12-29T13:00:36 IST" duration-ms="10" status="PASS">
          <reporter-output>
          </reporter-output>
        </test-method> <!-- simpleTest -->
      </class> <!-- demo.Sample -->
    </test> <!-- Default test -->
  </suite> <!-- Default suite -->
</testng-results>
